<?xml version="1.0" encoding="UTF-8"?>
<testng-results ignored="0" total="1" passed="1" failed="0" skipped="0">
  <reporter-output>
  </reporter-output>
  <suite started-at="2021-09-03T16:28:56 IST" name="Default suite" finished-at="2021-09-03T16:29:21 IST" duration-ms="25560">
    <groups>
    </groups>
    <test started-at="2021-09-03T16:28:56 IST" name="Default test" finished-at="2021-09-03T16:29:21 IST" duration-ms="25560">
      <class name="tests.BaseClass">
        <test-method is-config="true" signature="setUp()[pri:0, instance:tests.BaseClass@3a93b025]" started-at="2021-09-03T16:28:56 IST" name="setUp" finished-at="2021-09-03T16:29:21 IST" duration-ms="25485" status="PASS">
          <reporter-output>
          </reporter-output>
        </test-method> <!-- setUp -->
        <test-method signature="sampleTest()[pri:0, instance:tests.BaseClass@3a93b025]" started-at="2021-09-03T16:29:21 IST" name="sampleTest" finished-at="2021-09-03T16:29:21 IST" duration-ms="17" status="PASS">
          <reporter-output>
          </reporter-output>
        </test-method> <!-- sampleTest -->
        <test-method is-config="true" signature="tearDown()[pri:0, instance:tests.BaseClass@3a93b025]" started-at="2021-09-03T16:29:21 IST" name="tearDown" finished-at="2021-09-03T16:29:21 IST" duration-ms="0" status="PASS">
          <reporter-output>
          </reporter-output>
        </test-method> <!-- tearDown -->
      </class> <!-- tests.BaseClass -->
    </test> <!-- Default test -->
  </suite> <!-- Default suite -->
</testng-results>
